0.7528 	WARNING 	We strongly recommend you activate the PTB sound engine in PsychoPy prefs as the preferred audio engine. Its timing is vastly superior. Your prefs are currently set to use ['sounddevice', 'PTB', 'pyo', 'pygame'] (in that order).
24.7225 	WARNING 	User requested fullscreen with size [1024  768], but screen is actually [1920, 1080]. Using actual size
25.8893 	EXP 	Created window1 = Window(allowGUI=False, allowStencil=False, autoLog=True, backendConf=UNKNOWN, bitsMode=UNKNOWN, blendMode='avg', bpc=(8, 8, 8), color=array([0, 0, 0]), colorSpace='rgb', depthBits=8, fullscr=<method-wrapper '__getattribute__' of attributeSetter object at 0x000001BB51A59588>, gamma=None, gammaErrorPolicy='raise', lms=UNKNOWN, monitor=<psychopy.monitors.calibTools.Monitor object at 0x000001BB51BA0908>, multiSample=False, name='window1', numSamples=2, pos=[0.0, 0.0], screen=0, size=array([1920, 1080]), stencilBits=0, stereo=False, units='height', useFBO=True, useRetina=False, viewOri=0.0, viewPos=None, viewScale=None, waitBlanking=True, winType='pyglet')
25.8896 	EXP 	window1: mouseVisible = True
25.8896 	EXP 	window1: recordFrameIntervals = False
26.0560 	EXP 	window1: recordFrameIntervals = True
26.2399 	EXP 	window1: recordFrameIntervals = False
26.4131 	EXP 	Created text = TextStim(__class__=<class 'psychopy.visual.text.TextStim'>, alignHoriz=method-wrapper(...), alignText='center', alignVert=method-wrapper(...), anchorHoriz='center', anchorVert='center', antialias=True, autoLog=True, bold=False, color=array([1, 1, 1]), colorSpace='rgb', contrast=1.0, depth=0.0, flipHoriz=False, flipVert=False, font='Open Sans', fontFiles=[], height=0.05, italic=False, languageStyle='LTR', name='text', opacity=1, ori=0.0, pos=array([0., 0.]), rgb=UNKNOWN, text=str(...), units='height', win=Window(...), wrapWidth=1)
26.4172 	EXP 	Created fix = TextStim(__class__=<class 'psychopy.visual.text.TextStim'>, alignHoriz=method-wrapper(...), alignText='center', alignVert=method-wrapper(...), anchorHoriz='center', anchorVert='center', antialias=True, autoLog=True, bold=False, color=array([1, 1, 1]), colorSpace='rgb', contrast=1.0, depth=0.0, flipHoriz=False, flipVert=False, font='Open Sans', fontFiles=[], height=0.1, italic=False, languageStyle='LTR', name='fix', opacity=1, ori=0.0, pos=array([0., 0.]), rgb=UNKNOWN, text='+', units='height', win=Window(...), wrapWidth=1)
26.4177 	EXP 	Created flankers = TextStim(__class__=<class 'psychopy.visual.text.TextStim'>, alignHoriz=method-wrapper(...), alignText='center', alignVert=method-wrapper(...), anchorHoriz='center', anchorVert='center', antialias=True, autoLog=True, bold=False, color=array([1, 1, 1]), colorSpace='rgb', contrast=1.0, depth=0.0, flipHoriz=False, flipVert=False, font='Open Sans', fontFiles=[], height=0.1, italic=False, languageStyle='LTR', name='flankers', opacity=1, ori=0.0, pos=array([0., 0.]), rgb=UNKNOWN, text='', units='height', win=Window(...), wrapWidth=1)
26.4178 	EXP 	window1: mouseVisible = True
26.4192 	EXP 	Created right_arrow = Rect(__class__=<class 'psychopy.visual.rect.Rect'>, autoDraw=False, autoLog=True, closeShape=True, color=method-wrapper(...), colorSpace='rgb', contrast=None, depth=-2.0, fillColor=array([1, 1, 1]), fillColorSpace='rgb', fillRGB=UNKNOWN, interpolate=True, lineColor=array([1, 1, 1]), lineColorSpace='rgb', lineRGB=UNKNOWN, lineWidth=1.0, name='right_arrow', opacity=1, ori=0.0, pos=array([0.6, 0.4]), size=array([0.2, 0.1]), units='height', vertices=ndarray(...), win=Window(...))
26.4200 	EXP 	Created left_arrow = Rect(__class__=<class 'psychopy.visual.rect.Rect'>, autoDraw=False, autoLog=True, closeShape=True, color=method-wrapper(...), colorSpace='rgb', contrast=None, depth=-3.0, fillColor=array([1, 1, 1]), fillColorSpace='rgb', fillRGB=UNKNOWN, interpolate=True, lineColor=array([1, 1, 1]), lineColorSpace='rgb', lineRGB=UNKNOWN, lineWidth=1.0, name='left_arrow', opacity=1, ori=0.0, pos=array([-0.6,  0.4]), size=array([0.2, 0.1]), units='height', vertices=ndarray(...), win=Window(...))
26.4236 	EXP 	Created right_arrow_text = TextStim(__class__=<class 'psychopy.visual.text.TextStim'>, alignHoriz=method-wrapper(...), alignText='center', alignVert=method-wrapper(...), anchorHoriz='center', anchorVert='center', antialias=True, autoLog=True, bold=False, color=array([-1, -1, -1]), colorSpace='rgb', contrast=1.0, depth=-4.0, flipHoriz=False, flipVert=False, font='Open Sans', fontFiles=[], height=0.1, italic=False, languageStyle='LTR', name='right_arrow_text', opacity=1, ori=0.0, pos=array([0.6, 0.4]), rgb=UNKNOWN, text='->', units='height', win=Window(...), wrapWidth=1)
26.4262 	EXP 	Created left_arrow_text = TextStim(__class__=<class 'psychopy.visual.text.TextStim'>, alignHoriz=method-wrapper(...), alignText='center', alignVert=method-wrapper(...), anchorHoriz='center', anchorVert='center', antialias=True, autoLog=True, bold=False, color=array([-1, -1, -1]), colorSpace='rgb', contrast=1.0, depth=-5.0, flipHoriz=False, flipVert=False, font='Open Sans', fontFiles=[], height=0.1, italic=False, languageStyle='LTR', name='left_arrow_text', opacity=1, ori=0.0, pos=array([-0.6,  0.4]), rgb=UNKNOWN, text='<-', units='height', win=Window(...), wrapWidth=1)
26.4369 	EXP 	Created finish_text = TextStim(__class__=<class 'psychopy.visual.text.TextStim'>, alignHoriz=method-wrapper(...), alignText='center', alignVert=method-wrapper(...), anchorHoriz='center', anchorVert='center', antialias=True, autoLog=True, bold=False, color=array([1, 1, 1]), colorSpace='rgb', contrast=1.0, depth=0.0, flipHoriz=False, flipVert=False, font='Open Sans', fontFiles=[], height=0.1, italic=False, languageStyle='LTR', name='finish_text', opacity=1, ori=0.0, pos=array([0., 0.]), rgb=UNKNOWN, text='"End of Experiment"', units='height', win=Window(...), wrapWidth=1)
26.4690 	EXP 	text: autoDraw = True
27.5618 	DATA 	Keypress: space
27.5974 	EXP 	Imported Stimulus\\trials.xlsx as conditions, 4 conditions, 2 params
27.5980 	EXP 	Created sequence: random, trialTypes=4, nReps=1, seed=None
27.5985 	EXP 	New trial (rep=0, index=0): {'condition': 'IR', 'stim': '<<><<'}
27.6067 	EXP 	text: autoDraw = False
27.6067 	EXP 	fix: autoDraw = True
28.6067 	EXP 	fix: autoDraw = False
28.6067 	EXP 	flankers: text = '<<><<'
28.6067 	EXP 	flankers: autoDraw = True
28.6067 	EXP 	right_arrow: autoDraw = True
28.6067 	EXP 	left_arrow: autoDraw = True
28.6067 	EXP 	right_arrow_text: autoDraw = True
28.6067 	EXP 	left_arrow_text: autoDraw = True
29.5602 	DATA 	Mouse: Left button down, pos=(1622,972)
29.5764 	EXP 	New trial (rep=0, index=1): {'condition': 'CL', 'stim': '<<<<<'}
29.5889 	EXP 	flankers: autoDraw = False
29.5889 	EXP 	right_arrow: autoDraw = False
29.5889 	EXP 	left_arrow: autoDraw = False
29.5889 	EXP 	right_arrow_text: autoDraw = False
29.5889 	EXP 	left_arrow_text: autoDraw = False
29.5889 	EXP 	fix: autoDraw = True
29.6418 	DATA 	Mouse:  Left button up, pos=(1622,972)
30.5891 	EXP 	fix: autoDraw = False
30.5891 	EXP 	fix: autoDraw = False
30.5891 	EXP 	flankers: text = '<<<<<'
30.5891 	EXP 	flankers: autoDraw = True
30.5891 	EXP 	right_arrow: autoDraw = True
30.5891 	EXP 	left_arrow: autoDraw = True
30.5891 	EXP 	right_arrow_text: autoDraw = True
30.5891 	EXP 	left_arrow_text: autoDraw = True
31.0892 	DATA 	Mouse: Left button down, pos=(348,1005)
31.0925 	EXP 	New trial (rep=0, index=2): {'condition': 'CR', 'stim': '>>>>>'}
31.1056 	EXP 	flankers: autoDraw = False
31.1056 	EXP 	right_arrow: autoDraw = False
31.1056 	EXP 	left_arrow: autoDraw = False
31.1056 	EXP 	right_arrow_text: autoDraw = False
31.1056 	EXP 	left_arrow_text: autoDraw = False
31.1056 	EXP 	fix: autoDraw = True
31.1589 	DATA 	Mouse:  Left button up, pos=(348,1005)
32.1060 	EXP 	fix: autoDraw = False
32.1060 	EXP 	fix: autoDraw = False
32.1060 	EXP 	flankers: text = '>>>>>'
32.1060 	EXP 	flankers: autoDraw = True
32.1060 	EXP 	right_arrow: autoDraw = True
32.1060 	EXP 	left_arrow: autoDraw = True
32.1060 	EXP 	right_arrow_text: autoDraw = True
32.1060 	EXP 	left_arrow_text: autoDraw = True
32.6726 	DATA 	Mouse: Left button down, pos=(1640,1001)
32.6762 	EXP 	New trial (rep=0, index=3): {'condition': 'IL', 'stim': '>><>>'}
32.6892 	EXP 	flankers: autoDraw = False
32.6892 	EXP 	right_arrow: autoDraw = False
32.6892 	EXP 	left_arrow: autoDraw = False
32.6892 	EXP 	right_arrow_text: autoDraw = False
32.6892 	EXP 	left_arrow_text: autoDraw = False
32.6892 	EXP 	fix: autoDraw = True
32.7588 	DATA 	Mouse:  Left button up, pos=(1640,1001)
33.6891 	EXP 	fix: autoDraw = False
33.6891 	EXP 	fix: autoDraw = False
33.6891 	EXP 	flankers: text = '>><>>'
33.6891 	EXP 	flankers: autoDraw = True
33.6891 	EXP 	right_arrow: autoDraw = True
33.6891 	EXP 	left_arrow: autoDraw = True
33.6891 	EXP 	right_arrow_text: autoDraw = True
33.6891 	EXP 	left_arrow_text: autoDraw = True
34.2729 	DATA 	Mouse: Left button down, pos=(327,945)
34.2890 	EXP 	flankers: autoDraw = False
34.2890 	EXP 	right_arrow: autoDraw = False
34.2890 	EXP 	left_arrow: autoDraw = False
34.2890 	EXP 	right_arrow_text: autoDraw = False
34.2890 	EXP 	left_arrow_text: autoDraw = False
34.2890 	EXP 	finish_text: autoDraw = True
34.3587 	DATA 	Mouse:  Left button up, pos=(327,947)
36.3016 	EXP 	finish_text: autoDraw = False
36.3016 	EXP 	finish_text: autoDraw = False
36.3257 	EXP 	window1: mouseVisible = True
